# JRE version: OpenJDK Runtime Environment Temurin-21.0.10+7 (21.0.10+7) (build 21.0.10+7-LTS)
# Java VM: OpenJDK 64-Bit Server VM Temurin-21.0.10+7 (21.0.10+7-LTS, mixed mode, sharing, tiered, compressed oops, compressed class ptrs, parallel gc, windows-amd64)
GC Precious Log:
 CardTable entry size: 512
 CPUs: 4 total, 4 available
 Memory: 7886M
 Large Page Support: Disabled
 NUMA Support: Disabled
 Compressed Oops: Enabled (32-bit)
 Alignments: Space 512K, Generation 512K, Heap 2M
 Heap Min Capacity: 100M
 Heap Initial Capacity: 100M
 Heap Max Capacity: 2G
 Pre-touch: Disabled
 Parallel Workers: 4
Heap:
 PSYoungGen      total 4608K, used 2485K [0x00000000d5580000, 0x00000000d5d00000, 0x0000000100000000)
  eden space 3584K, 65% used [0x00000000d5580000,0x00000000d57cd710,0x00000000d5900000)
  from space 1024K, 12% used [0x00000000d5b00000,0x00000000d5b20000,0x00000000d5c00000)
  to   space 512K, 0% used [0x00000000d5c80000,0x00000000d5c80000,0x00000000d5d00000)
 ParOldGen       total 830976K, used 830945K [0x0000000080000000, 0x00000000b2b80000, 0x00000000d5580000)
  object space 830976K, 99% used [0x0000000080000000,0x00000000b2b78468,0x00000000b2b80000)
 Metaspace       used 106761K, committed 108928K, reserved 1179648K
  class space    used 11069K, committed 12096K, reserved 1048576K
GC Heap History (20 events):
Event: 1638.621 GC heap before
{Heap before GC invocations=3082 (full 7):
 PSYoungGen      total 5632K, used 5620K [0x00000000d5580000, 0x00000000d5c80000, 0x0000000100000000)
  eden space 5120K, 99% used [0x00000000d5580000,0x00000000d5a7fff8,0x00000000d5a80000)
  from space 512K, 97% used [0x00000000d5a80000,0x00000000d5afd200,0x00000000d5b00000)
  to   space 1024K, 0% used [0x00000000d5b80000,0x00000000d5b80000,0x00000000d5c80000)
 ParOldGen       total 824832K, used 824536K [0x0000000080000000, 0x00000000b2580000, 0x00000000d5580000)
  object space 824832K, 99% used [0x0000000080000000,0x00000000b2536218,0x00000000b2580000)
 Metaspace       used 106758K, committed 108928K, reserved 1179648K
  class space    used 11069K, committed 12096K, reserved 1048576K
}
Event: 1638.631 GC heap after
{Heap after GC invocations=3082 (full 7):
 PSYoungGen      total 6144K, used 656K [0x00000000d5580000, 0x00000000d5c80000, 0x0000000100000000)
  eden space 5120K, 0% used [0x00000000d5580000,0x00000000d5580000,0x00000000d5a80000)
  from space 1024K, 64% used [0x00000000d5b80000,0x00000000d5c24010,0x00000000d5c80000)
  to   space 1024K, 0% used [0x00000000d5a80000,0x00000000d5a80000,0x00000000d5b80000)
 ParOldGen       total 824832K, used 824825K [0x0000000080000000, 0x00000000b2580000, 0x00000000d5580000)
  object space 824832K, 99% used [0x0000000080000000,0x00000000b257e428,0x00000000b2580000)
 Metaspace       used 106758K, committed 108928K, reserved 1179648K
  class space    used 11069K, committed 12096K, reserved 1048576K
}
Event: 1638.829 GC heap before
{Heap before GC invocations=3083 (full 7):
 PSYoungGen      total 6144K, used 5776K [0x00000000d5580000, 0x00000000d5c80000, 0x0000000100000000)
  eden space 5120K, 99% used [0x00000000d5580000,0x00000000d5a7fff0,0x00000000d5a80000)
  from space 1024K, 64% used [0x00000000d5b80000,0x00000000d5c24010,0x00000000d5c80000)
  to   space 1024K, 0% used [0x00000000d5a80000,0x00000000d5a80000,0x00000000d5b80000)
 ParOldGen       total 824832K, used 824825K [0x0000000080000000, 0x00000000b2580000, 0x00000000d5580000)
  object space 824832K, 99% used [0x0000000080000000,0x00000000b257e428,0x00000000b2580000)
 Metaspace       used 106758K, committed 108928K, reserved 1179648K
  class space    used 11069K, committed 12096K, reserved 1048576K
}
Event: 1638.835 GC heap after
{Heap after GC invocations=3083 (full 7):
 PSYoungGen      total 6144K, used 708K [0x00000000d5580000, 0x00000000d5c80000, 0x0000000100000000)
  eden space 5120K, 0% used [0x00000000d5580000,0x00000000d5580000,0x00000000d5a80000)
  from space 1024K, 69% used [0x00000000d5a80000,0x00000000d5b31230,0x00000000d5b80000)
  to   space 1024K, 0% used [0x00000000d5b80000,0x00000000d5b80000,0x00000000d5c80000)
 ParOldGen       total 825856K, used 825409K [0x0000000080000000, 0x00000000b2680000, 0x00000000d5580000)
  object space 825856K, 99% used [0x0000000080000000,0x00000000b2610438,0x00000000b2680000)
 Metaspace       used 106758K, committed 108928K, reserved 1179648K
  class space    used 11069K, committed 12096K, reserved 1048576K
}
Event: 1640.598 GC heap before
{Heap before GC invocations=3084 (full 7):
 PSYoungGen      total 6144K, used 5828K [0x00000000d5580000, 0x00000000d5c80000, 0x0000000100000000)
  eden space 5120K, 99% used [0x00000000d5580000,0x00000000d5a7ffd8,0x00000000d5a80000)
  from space 1024K, 69% used [0x00000000d5a80000,0x00000000d5b31230,0x00000000d5b80000)
  to   space 1024K, 0% used [0x00000000d5b80000,0x00000000d5b80000,0x00000000d5c80000)
 ParOldGen       total 825856K, used 825409K [0x0000000080000000, 0x00000000b2680000, 0x00000000d5580000)
  object space 825856K, 99% used [0x0000000080000000,0x00000000b2610438,0x00000000b2680000)
 Metaspace       used 106758K, committed 108928K, reserved 1179648K
  class space    used 11069K, committed 12096K, reserved 1048576K
}
Event: 1640.600 GC heap after
{Heap after GC invocations=3084 (full 7):
 PSYoungGen      total 5632K, used 128K [0x00000000d5580000, 0x00000000d5c00000, 0x0000000100000000)
  eden space 5120K, 0% used [0x00000000d5580000,0x00000000d5580000,0x00000000d5a80000)
  from space 512K, 25% used [0x00000000d5b80000,0x00000000d5ba0000,0x00000000d5c00000)
  to   space 512K, 0% used [0x00000000d5b00000,0x00000000d5b00000,0x00000000d5b80000)
 ParOldGen       total 825856K, used 825497K [0x0000000080000000, 0x00000000b2680000, 0x00000000d5580000)
  object space 825856K, 99% used [0x0000000080000000,0x00000000b2626458,0x00000000b2680000)
 Metaspace       used 106758K, committed 108928K, reserved 1179648K
  class space    used 11069K, committed 12096K, reserved 1048576K
}
Event: 1643.266 GC heap before
{Heap before GC invocations=3085 (full 7):
 PSYoungGen      total 5632K, used 5248K [0x00000000d5580000, 0x00000000d5c00000, 0x0000000100000000)
  eden space 5120K, 100% used [0x00000000d5580000,0x00000000d5a80000,0x00000000d5a80000)
  from space 512K, 25% used [0x00000000d5b80000,0x00000000d5ba0000,0x00000000d5c00000)
  to   space 512K, 0% used [0x00000000d5b00000,0x00000000d5b00000,0x00000000d5b80000)
 ParOldGen       total 825856K, used 825497K [0x0000000080000000, 0x00000000b2680000, 0x00000000d5580000)
  object space 825856K, 99% used [0x0000000080000000,0x00000000b2626458,0x00000000b2680000)
 Metaspace       used 106759K, committed 108928K, reserved 1179648K
  class space    used 11069K, committed 12096K, reserved 1048576K
}
Event: 1643.272 GC heap after
{Heap after GC invocations=3085 (full 7):
 PSYoungGen      total 5632K, used 509K [0x00000000d5580000, 0x00000000d5c80000, 0x0000000100000000)
  eden space 5120K, 0% used [0x00000000d5580000,0x00000000d5580000,0x00000000d5a80000)
  from space 512K, 99% used [0x00000000d5b00000,0x00000000d5b7f6b0,0x00000000d5b80000)
  to   space 1024K, 0% used [0x00000000d5b80000,0x00000000d5b80000,0x00000000d5c80000)
 ParOldGen       total 825856K, used 825826K [0x0000000080000000, 0x00000000b2680000, 0x00000000d5580000)
  object space 825856K, 99% used [0x0000000080000000,0x00000000b2678908,0x00000000b2680000)
 Metaspace       used 106759K, committed 108928K, reserved 1179648K
  class space    used 11069K, committed 12096K, reserved 1048576K
}
Event: 1643.312 GC heap before
{Heap before GC invocations=3086 (full 7):
 PSYoungGen      total 5632K, used 5629K [0x00000000d5580000, 0x00000000d5c80000, 0x0000000100000000)
  eden space 5120K, 100% used [0x00000000d5580000,0x00000000d5a80000,0x00000000d5a80000)
  from space 512K, 99% used [0x00000000d5b00000,0x00000000d5b7f6b0,0x00000000d5b80000)
  to   space 1024K, 0% used [0x00000000d5b80000,0x00000000d5b80000,0x00000000d5c80000)
 ParOldGen       total 825856K, used 825826K [0x0000000080000000, 0x00000000b2680000, 0x00000000d5580000)
  object space 825856K, 99% used [0x0000000080000000,0x00000000b2678908,0x00000000b2680000)
 Metaspace       used 106759K, committed 108928K, reserved 1179648K
  class space    used 11069K, committed 12096K, reserved 1048576K
}
Event: 1643.317 GC heap after
{Heap after GC invocations=3086 (full 7):
 PSYoungGen      total 4608K, used 1001K [0x00000000d5580000, 0x00000000d5f80000, 0x0000000100000000)
  eden space 3584K, 0% used [0x00000000d5580000,0x00000000d5580000,0x00000000d5900000)
  from space 1024K, 97% used [0x00000000d5b80000,0x00000000d5c7a4b0,0x00000000d5c80000)
  to   space 2560K, 0% used [0x00000000d5900000,0x00000000d5900000,0x00000000d5b80000)
 ParOldGen       total 826880K, used 826871K [0x0000000080000000, 0x00000000b2780000, 0x00000000d5580000)
  object space 826880K, 99% used [0x0000000080000000,0x00000000b277dfb8,0x00000000b2780000)
 Metaspace       used 106759K, committed 108928K, reserved 1179648K
  class space    used 11069K, committed 12096K, reserved 1048576K
}
Event: 1643.334 GC heap before
{Heap before GC invocations=3087 (full 7):
 PSYoungGen      total 4608K, used 4585K [0x00000000d5580000, 0x00000000d5f80000, 0x0000000100000000)
  eden space 3584K, 100% used [0x00000000d5580000,0x00000000d5900000,0x00000000d5900000)
  from space 1024K, 97% used [0x00000000d5b80000,0x00000000d5c7a4b0,0x00000000d5c80000)
  to   space 2560K, 0% used [0x00000000d5900000,0x00000000d5900000,0x00000000d5b80000)
 ParOldGen       total 826880K, used 826871K [0x0000000080000000, 0x00000000b2780000, 0x00000000d5580000)
  object space 826880K, 99% used [0x0000000080000000,0x00000000b277dfb8,0x00000000b2780000)
 Metaspace       used 106759K, committed 108928K, reserved 1179648K
  class space    used 11069K, committed 12096K, reserved 1048576K
}
Event: 1643.339 GC heap after
{Heap after GC invocations=3087 (full 7):
 PSYoungGen      total 6144K, used 2560K [0x00000000d5580000, 0x00000000d6200000, 0x0000000100000000)
  eden space 3584K, 0% used [0x00000000d5580000,0x00000000d5580000,0x00000000d5900000)
  from space 2560K, 100% used [0x00000000d5900000,0x00000000d5b80000,0x00000000d5b80000)
  to   space 4608K, 0% used [0x00000000d5d80000,0x00000000d5d80000,0x00000000d6200000)
 ParOldGen       total 828416K, used 828145K [0x0000000080000000, 0x00000000b2900000, 0x00000000d5580000)
  object space 828416K, 99% used [0x0000000080000000,0x00000000b28bc468,0x00000000b2900000)
 Metaspace       used 106759K, committed 108928K, reserved 1179648K
  class space    used 11069K, committed 12096K, reserved 1048576K
}
Event: 1643.517 GC heap before
{Heap before GC invocations=3088 (full 7):
 PSYoungGen      total 6144K, used 6144K [0x00000000d5580000, 0x00000000d6200000, 0x0000000100000000)
  eden space 3584K, 100% used [0x00000000d5580000,0x00000000d5900000,0x00000000d5900000)
  from space 2560K, 100% used [0x00000000d5900000,0x00000000d5b80000,0x00000000d5b80000)
  to   space 4608K, 0% used [0x00000000d5d80000,0x00000000d5d80000,0x00000000d6200000)
 ParOldGen       total 828416K, used 828145K [0x0000000080000000, 0x00000000b2900000, 0x00000000d5580000)
  object space 828416K, 99% used [0x0000000080000000,0x00000000b28bc468,0x00000000b2900000)
 Metaspace       used 106759K, committed 108928K, reserved 1179648K
  class space    used 11069K, committed 12096K, reserved 1048576K
}
Event: 1643.521 GC heap after
{Heap after GC invocations=3088 (full 7):
 PSYoungGen      total 4096K, used 160K [0x00000000d5580000, 0x00000000d5e00000, 0x0000000100000000)
  eden space 3584K, 0% used [0x00000000d5580000,0x00000000d5580000,0x00000000d5900000)
  from space 512K, 31% used [0x00000000d5d80000,0x00000000d5da8000,0x00000000d5e00000)
  to   space 1536K, 0% used [0x00000000d5b00000,0x00000000d5b00000,0x00000000d5c80000)
 ParOldGen       total 830976K, used 830657K [0x0000000080000000, 0x00000000b2b80000, 0x00000000d5580000)
  object space 830976K, 99% used [0x0000000080000000,0x00000000b2b30468,0x00000000b2b80000)
 Metaspace       used 106759K, committed 108928K, reserved 1179648K
  class space    used 11069K, committed 12096K, reserved 1048576K
}
Event: 1652.402 GC heap before
{Heap before GC invocations=3089 (full 7):
 PSYoungGen      total 4096K, used 3723K [0x00000000d5580000, 0x00000000d5e00000, 0x0000000100000000)
  eden space 3584K, 99% used [0x00000000d5580000,0x00000000d58fafd0,0x00000000d5900000)
  from space 512K, 31% used [0x00000000d5d80000,0x00000000d5da8000,0x00000000d5e00000)
  to   space 1536K, 0% used [0x00000000d5b00000,0x00000000d5b00000,0x00000000d5c80000)
 ParOldGen       total 830976K, used 830657K [0x0000000080000000, 0x00000000b2b80000, 0x00000000d5580000)
  object space 830976K, 99% used [0x0000000080000000,0x00000000b2b30468,0x00000000b2b80000)
 Metaspace       used 106760K, committed 108928K, reserved 1179648K
  class space    used 11069K, committed 12096K, reserved 1048576K
}
Event: 1652.409 GC heap after
{Heap after GC invocations=3089 (full 7):
 PSYoungGen      total 5120K, used 1515K [0x00000000d5580000, 0x00000000d5e00000, 0x0000000100000000)
  eden space 3584K, 0% used [0x00000000d5580000,0x00000000d5580000,0x00000000d5900000)
  from space 1536K, 98% used [0x00000000d5b00000,0x00000000d5c7ae50,0x00000000d5c80000)
  to   space 1536K, 0% used [0x00000000d5c80000,0x00000000d5c80000,0x00000000d5e00000)
 ParOldGen       total 830976K, used 830833K [0x0000000080000000, 0x00000000b2b80000, 0x00000000d5580000)
  object space 830976K, 99% used [0x0000000080000000,0x00000000b2b5c468,0x00000000b2b80000)
 Metaspace       used 106760K, committed 108928K, reserved 1179648K
  class space    used 11069K, committed 12096K, reserved 1048576K
}
Event: 1652.535 GC heap before
{Heap before GC invocations=3090 (full 7):
 PSYoungGen      total 5120K, used 5095K [0x00000000d5580000, 0x00000000d5e00000, 0x0000000100000000)
  eden space 3584K, 99% used [0x00000000d5580000,0x00000000d58fef88,0x00000000d5900000)
  from space 1536K, 98% used [0x00000000d5b00000,0x00000000d5c7ae50,0x00000000d5c80000)
  to   space 1536K, 0% used [0x00000000d5c80000,0x00000000d5c80000,0x00000000d5e00000)
 ParOldGen       total 830976K, used 830833K [0x0000000080000000, 0x00000000b2b80000, 0x00000000d5580000)
  object space 830976K, 99% used [0x0000000080000000,0x00000000b2b5c468,0x00000000b2b80000)
 Metaspace       used 106760K, committed 108928K, reserved 1179648K
  class space    used 11069K, committed 12096K, reserved 1048576K
}
Event: 1652.537 GC heap after
{Heap after GC invocations=3090 (full 7):
 PSYoungGen      total 4096K, used 128K [0x00000000d5580000, 0x00000000d5d00000, 0x0000000100000000)
  eden space 3584K, 0% used [0x00000000d5580000,0x00000000d5580000,0x00000000d5900000)
  from space 512K, 25% used [0x00000000d5c80000,0x00000000d5ca0000,0x00000000d5d00000)
  to   space 1024K, 0% used [0x00000000d5b00000,0x00000000d5b00000,0x00000000d5c00000)
 ParOldGen       total 830976K, used 830913K [0x0000000080000000, 0x00000000b2b80000, 0x00000000d5580000)
  object space 830976K, 99% used [0x0000000080000000,0x00000000b2b70468,0x00000000b2b80000)
 Metaspace       used 106760K, committed 108928K, reserved 1179648K
  class space    used 11069K, committed 12096K, reserved 1048576K
}
Event: 1652.837 GC heap before
{Heap before GC invocations=3091 (full 7):
 PSYoungGen      total 4096K, used 3712K [0x00000000d5580000, 0x00000000d5d00000, 0x0000000100000000)
  eden space 3584K, 100% used [0x00000000d5580000,0x00000000d5900000,0x00000000d5900000)
  from space 512K, 25% used [0x00000000d5c80000,0x00000000d5ca0000,0x00000000d5d00000)
  to   space 1024K, 0% used [0x00000000d5b00000,0x00000000d5b00000,0x00000000d5c00000)
 ParOldGen       total 830976K, used 830913K [0x0000000080000000, 0x00000000b2b80000, 0x00000000d5580000)
  object space 830976K, 99% used [0x0000000080000000,0x00000000b2b70468,0x00000000b2b80000)
 Metaspace       used 106760K, committed 108928K, reserved 1179648K
  class space    used 11069K, committed 12096K, reserved 1048576K
}
Event: 1652.842 GC heap after
{Heap after GC invocations=3091 (full 7):
 PSYoungGen      total 4608K, used 128K [0x00000000d5580000, 0x00000000d5d00000, 0x0000000100000000)
  eden space 3584K, 0% used [0x00000000d5580000,0x00000000d5580000,0x00000000d5900000)
  from space 1024K, 12% used [0x00000000d5b00000,0x00000000d5b20000,0x00000000d5c00000)
  to   space 512K, 0% used [0x00000000d5c80000,0x00000000d5c80000,0x00000000d5d00000)
 ParOldGen       total 830976K, used 830945K [0x0000000080000000, 0x00000000b2b80000, 0x00000000d5580000)
  object space 830976K, 99% used [0x0000000080000000,0x00000000b2b78468,0x00000000b2b80000)
 Metaspace       used 106760K, committed 108928K, reserved 1179648K
  class space    used 11069K, committed 12096K, reserved 1048576K
}

